<?xml version="1.0" encoding="UTF-8"?>
<!-- Generated by org.testng.reporters.JUnitXMLReporter -->
<testsuite ignored="0" hostname="DESKTOP-B8KML2J" failures="0" tests="4" name="HomePageTest" time="20.076" errors="0" timestamp="03 Apr 2021 15:53:13 GMT">
  <testcase classname="com.qa.openmrs.tests.homepagetest" name="@BeforeMethod Setup" time="20.042">
    <failure type="org.openqa.selenium.WebDriverException" message="Returned value cannot be converted to WebElement: {stacktrace=Backtrace:
	GetHandleVerifier [0x00D9B963+483]
	GetHandleVerifier [0x00D9B941+449]
	GetHandleVerifier [0x011431B0+3832368]
	GetHandleVerifier [0x0115EA34+3945140]
	GetHandleVerifier [0x0115FBCE+3949646]
	GetHandleVerifier [0x0115FB59+3949529]
	Ordinal0 [0x00D5B5CC+46540]
	Ordinal0 [0x00D59F53+40787]
	Ordinal0 [0x00D59B12+39698]
	GetHandleVerifier [0x01061468+2907368]
	GetHandleVerifier [0x00EA71EE+1096302]
	GetHandleVerifier [0x00E63E8D+821005]
	GetHandleVerifier [0x00E6396B+819691]
	GetHandleVerifier [0x00E63881+819457]
	GetHandleVerifier [0x00E8F463+998627]
	BaseThreadInitThunk [0x76E5FA29+25]
	RtlGetAppContainerNamedObjectPath [0x76FA7C7E+286]
	RtlGetAppContainerNamedObjectPath [0x76FA7C4E+238]
, error=invalid session id, message=invalid session id}
Build info: version: &amp;apos;2.53.0&amp;apos;, revision: &amp;apos;35ae25b1534ae328c771e0856c93e187490ca824&amp;apos;, time: &amp;apos;2016-03-15 10:43:46&amp;apos;
System info: host: &amp;apos;DESKTOP-B8KML2J&amp;apos;, ip: &amp;apos;192.168.0.107&amp;apos;, os.name: &amp;apos;Windows 10&amp;apos;, os.arch: &amp;apos;amd64&amp;apos;, os.version: &amp;apos;10.0&amp;apos;, java.version: &amp;apos;15.0.2&amp;apos;
Driver info: driver.version: RemoteWebDriver">
      <![CDATA[org.openqa.selenium.WebDriverException: Returned value cannot be converted to WebElement: {stacktrace=Backtrace:
GetHandleVerifier [0x00D9B963+483]
GetHandleVerifier [0x00D9B941+449]
GetHandleVerifier [0x011431B0+3832368]
GetHandleVerifier [0x0115EA34+3945140]
GetHandleVerifier [0x0115FBCE+3949646]
GetHandleVerifier [0x0115FB59+3949529]
Ordinal0 [0x00D5B5CC+46540]
Ordinal0 [0x00D59F53+40787]
Ordinal0 [0x00D59B12+39698]
GetHandleVerifier [0x01061468+2907368]
GetHandleVerifier [0x00EA71EE+1096302]
GetHandleVerifier [0x00E63E8D+821005]
GetHandleVerifier [0x00E6396B+819691]
GetHandleVerifier [0x00E63881+819457]
GetHandleVerifier [0x00E8F463+998627]
BaseThreadInitThunk [0x76E5FA29+25]
RtlGetAppContainerNamedObjectPath [0x76FA7C7E+286]
RtlGetAppContainerNamedObjectPath [0x76FA7C4E+238]
, error=invalid session id, message=invalid session id}
Build info: version: '2.53.0', revision: '35ae25b1534ae328c771e0856c93e187490ca824', time: '2016-03-15 10:43:46'
System info: host: 'DESKTOP-B8KML2J', ip: '192.168.0.107', os.name: 'Windows 10', os.arch: 'amd64', os.version: '10.0', java.version: '15.0.2'
Driver info: driver.version: RemoteWebDriver
at org.openqa.selenium.remote.RemoteWebDriver.findElement(RemoteWebDriver.java:370)
at org.openqa.selenium.remote.RemoteWebDriver.findElementByName(RemoteWebDriver.java:461)
at org.openqa.selenium.By$ByName.findElement(By.java:303)
at org.openqa.selenium.remote.RemoteWebDriver.findElement(RemoteWebDriver.java:355)
at org.openqa.selenium.support.pagefactory.DefaultElementLocator.findElement(DefaultElementLocator.java:69)
at org.openqa.selenium.support.pagefactory.internal.LocatingElementHandler.invoke(LocatingElementHandler.java:38)
at com.sun.proxy.$Proxy13.sendKeys(Unknown Source)
at com.qa.openmrs.pages.LoginPage.login(LoginPage.java:39)
at com.qa.openmrs.tests.homepagetest.Setup(homepagetest.java:39)
at java.base/jdk.internal.reflect.NativeMethodAccessorImpl.invoke0(Native Method)
at java.base/jdk.internal.reflect.NativeMethodAccessorImpl.invoke(NativeMethodAccessorImpl.java:64)
at java.base/jdk.internal.reflect.DelegatingMethodAccessorImpl.invoke(DelegatingMethodAccessorImpl.java:43)
at java.base/java.lang.reflect.Method.invoke(Method.java:564)
at org.testng.internal.MethodInvocationHelper.invokeMethod(MethodInvocationHelper.java:124)
at org.testng.internal.MethodInvocationHelper.invokeMethodConsideringTimeout(MethodInvocationHelper.java:59)
at org.testng.internal.Invoker.invokeConfigurationMethod(Invoker.java:458)
at org.testng.internal.Invoker.invokeConfigurations(Invoker.java:222)
at org.testng.internal.Invoker.invokeMethod(Invoker.java:523)
at org.testng.internal.Invoker.invokeTestMethod(Invoker.java:719)
at org.testng.internal.Invoker.invokeTestMethods(Invoker.java:989)
at org.testng.internal.TestMethodWorker.invokeTestMethods(TestMethodWorker.java:125)
at org.testng.internal.TestMethodWorker.run(TestMethodWorker.java:109)
at org.testng.TestRunner.privateRun(TestRunner.java:648)
at org.testng.TestRunner.run(TestRunner.java:505)
at org.testng.SuiteRunner.runTest(SuiteRunner.java:455)
at org.testng.SuiteRunner.access$000(SuiteRunner.java:40)
at org.testng.SuiteRunner$SuiteWorker.run(SuiteRunner.java:489)
at org.testng.internal.thread.ThreadUtil$1.call(ThreadUtil.java:52)
at java.base/java.util.concurrent.FutureTask.run(FutureTask.java:264)
at java.base/java.util.concurrent.ThreadPoolExecutor.runWorker(ThreadPoolExecutor.java:1130)
at java.base/java.util.concurrent.ThreadPoolExecutor$Worker.run(ThreadPoolExecutor.java:630)
at java.base/java.lang.Thread.run(Thread.java:832)
Caused by: java.lang.ClassCastException: class com.google.common.collect.Maps$TransformedEntriesMap cannot be cast to class org.openqa.selenium.WebElement (com.google.common.collect.Maps$TransformedEntriesMap and org.openqa.selenium.WebElement are in unnamed module of loader 'app')
at org.openqa.selenium.remote.RemoteWebDriver.findElement(RemoteWebDriver.java:368)
... 31 more
]]>
    </failure>
  </testcase> <!-- @BeforeMethod Setup -->
  <testcase classname="com.qa.openmrs.tests.homepagetest" name="@AfterMethod TearDown" time="0.0">
    <skipped/>
  </testcase> <!-- @AfterMethod TearDown -->
  <testcase classname="com.qa.openmrs.tests.homepagetest" name="@BeforeMethod Setup" time="0.0">
    <skipped/>
  </testcase> <!-- @BeforeMethod Setup -->
  <testcase classname="com.qa.openmrs.tests.homepagetest" name="@AfterMethod TearDown" time="0.0">
    <skipped/>
  </testcase> <!-- @AfterMethod TearDown -->
  <testcase classname="com.qa.openmrs.tests.homepagetest" name="@BeforeMethod Setup" time="0.0">
    <skipped/>
  </testcase> <!-- @BeforeMethod Setup -->
  <testcase classname="com.qa.openmrs.tests.homepagetest" name="@AfterMethod TearDown" time="0.0">
    <skipped/>
  </testcase> <!-- @AfterMethod TearDown -->
  <testcase classname="com.qa.openmrs.tests.homepagetest" name="@BeforeMethod Setup" time="0.0">
    <skipped/>
  </testcase> <!-- @BeforeMethod Setup -->
  <testcase classname="com.qa.openmrs.tests.homepagetest" name="@AfterMethod TearDown" time="0.0">
    <skipped/>
  </testcase> <!-- @AfterMethod TearDown -->
  <testcase classname="com.qa.openmrs.tests.homepagetest" name="validatehomepagelogotest" time="0.0">
    <skipped/>
  </testcase> <!-- validatehomepagelogotest -->
  <testcase classname="com.qa.openmrs.tests.homepagetest" name="validateloginmessagetest" time="0.0">
    <skipped/>
  </testcase> <!-- validateloginmessagetest -->
  <testcase classname="com.qa.openmrs.tests.homepagetest" name="goto_registerpatient" time="0.0">
    <skipped/>
  </testcase> <!-- goto_registerpatient -->
  <testcase classname="com.qa.openmrs.tests.homepagetest" name="goto_findpatientpage" time="0.0">
    <skipped/>
  </testcase> <!-- goto_findpatientpage -->
</testsuite> <!-- HomePageTest -->
